2017-08-09 15:26:50,156 - school_tornado - ERROR - Open websocket attempt without token validation header: 
2017-08-09 16:27:31,409 - school_tornado - INFO - CONECTADO eyJ0eXAiOiJKV1QiLCJhbGciOiJIUzI1NiJ9.eyJ1c2VyX2lkIjoxLCJvcmlnX2lhdCI6MTUwMjI4ODUwOSwiZXhwIjoxNTAyMjkyMzE2LCJ1c2VybmFtZSI6InRlYW1AY2F0aGVkcmFsc3cuY29tIiwiZW1haWwiOiJ0ZWFtQGNhdGhlZHJhbHN3LmNvbSJ9.42Bt1KBUMcYYZxWbF2ndP1kMBZNIMcC5ohDx_fwMJYQ
2017-08-09 16:27:31,466 - school_tornado - ERROR - Unsupported url scheme: server:port/api/auth/user/
Traceback (most recent call last):
  File "/home/alexis/repos/school_tornado/handlers/handlers.py", line 38, in handle_token
    response = yield http.fetch(VALIDATE_TOKEN_API)
  File "/home/alexis/repos/school_tornado/venv/local/lib/python3.5/site-packages/tornado/gen.py", line 1055, in run
    value = future.result()
  File "/home/alexis/repos/school_tornado/venv/local/lib/python3.5/site-packages/tornado/concurrent.py", line 238, in result
    raise_exc_info(self._exc_info)
  File "<string>", line 4, in raise_exc_info
  File "/home/alexis/repos/school_tornado/venv/local/lib/python3.5/site-packages/tornado/simple_httpclient.py", line 217, in __init__
    self.request.url)
ValueError: Unsupported url scheme: server:port/api/auth/user/
2017-08-09 16:28:05,638 - school_tornado - INFO - CONECTADO eyJ0eXAiOiJKV1QiLCJhbGciOiJIUzI1NiJ9.eyJ1c2VyX2lkIjoxLCJvcmlnX2lhdCI6MTUwMjI4ODUwOSwiZXhwIjoxNTAyMjkyNDcwLCJ1c2VybmFtZSI6InRlYW1AY2F0aGVkcmFsc3cuY29tIiwiZW1haWwiOiJ0ZWFtQGNhdGhlZHJhbHN3LmNvbSJ9.JWROvymvOPW6DP6FwBTqCTCWJcXGcQL2A6EdoRCAygo
2017-08-09 16:44:20,157 - school_tornado - ERROR - http://192.168.1.35:8000/api/auth/user/
NoneType
2017-08-09 16:46:03,612 - school_tornado - ERROR - 401
Traceback (most recent call last):
  File "/home/alexis/repos/school_tornado/handlers/handlers.py", line 39, in handle_token
    response = yield http.fetch(VALIDATE_TOKEN_API)
  File "/home/alexis/repos/school_tornado/venv/local/lib/python3.5/site-packages/tornado/gen.py", line 1055, in run
    value = future.result()
  File "/home/alexis/repos/school_tornado/venv/local/lib/python3.5/site-packages/tornado/concurrent.py", line 238, in result
    raise_exc_info(self._exc_info)
  File "<string>", line 4, in raise_exc_info
tornado.httpclient.HTTPError: HTTP 401: Unauthorized
2017-08-09 16:46:06,467 - school_tornado - ERROR - None
Traceback (most recent call last):
  File "/home/alexis/repos/school_tornado/handlers/handlers.py", line 39, in handle_token
    response = yield http.fetch(VALIDATE_TOKEN_API)
  File "/home/alexis/repos/school_tornado/venv/local/lib/python3.5/site-packages/tornado/gen.py", line 1055, in run
    value = future.result()
  File "/home/alexis/repos/school_tornado/venv/local/lib/python3.5/site-packages/tornado/concurrent.py", line 238, in result
    raise_exc_info(self._exc_info)
  File "<string>", line 4, in raise_exc_info
tornado.httpclient.HTTPError: HTTP 401: Unauthorized
2017-08-09 16:48:46,631 - school_tornado - ERROR - http://192.168.1.35:8000/api/auth/user/
NoneType
2017-08-09 16:50:06,777 - school_tornado - ERROR - http://192.168.1.35:8000/api/auth/user/
NoneType
2017-08-09 16:51:35,709 - school_tornado - ERROR - http://192.168.1.35:8000/api/auth/user/
NoneType
2017-08-09 16:51:42,341 - school_tornado - ERROR - 401
Traceback (most recent call last):
  File "/home/alexis/repos/school_tornado/handlers/handlers.py", line 39, in handle_token
    response = http.fetch(VALIDATE_TOKEN_API)
  File "/home/alexis/repos/school_tornado/venv/local/lib/python3.5/site-packages/tornado/httpclient.py", line 102, in fetch
    self._async_client.fetch, request, **kwargs))
  File "/home/alexis/repos/school_tornado/venv/local/lib/python3.5/site-packages/tornado/ioloop.py", line 458, in run_sync
    return future_cell[0].result()
  File "/home/alexis/repos/school_tornado/venv/local/lib/python3.5/site-packages/tornado/concurrent.py", line 238, in result
    raise_exc_info(self._exc_info)
  File "<string>", line 4, in raise_exc_info
tornado.httpclient.HTTPError: HTTP 401: Unauthorized
2017-08-09 16:51:43,614 - school_tornado - ERROR - None
Traceback (most recent call last):
  File "/home/alexis/repos/school_tornado/handlers/handlers.py", line 39, in handle_token
    response = http.fetch(VALIDATE_TOKEN_API)
  File "/home/alexis/repos/school_tornado/venv/local/lib/python3.5/site-packages/tornado/httpclient.py", line 102, in fetch
    self._async_client.fetch, request, **kwargs))
  File "/home/alexis/repos/school_tornado/venv/local/lib/python3.5/site-packages/tornado/ioloop.py", line 458, in run_sync
    return future_cell[0].result()
  File "/home/alexis/repos/school_tornado/venv/local/lib/python3.5/site-packages/tornado/concurrent.py", line 238, in result
    raise_exc_info(self._exc_info)
  File "<string>", line 4, in raise_exc_info
tornado.httpclient.HTTPError: HTTP 401: Unauthorized
2017-08-10 16:57:05,663 - school_tornado - INFO - WEBSOCKET CLOSED user:1
2017-08-10 17:02:14,406 - school_tornado - ERROR - Error on token validation: [Errno 113] No route to host
2017-08-10 17:02:19,870 - school_tornado - INFO - WEBSOCKET CLOSED user:0
2017-08-10 17:02:19,877 - school_tornado - INFO - Notification received
2017-08-10 17:04:07,739 - school_tornado - INFO - Notification: ids: ['1'] - message: deberes mañana
2017-08-10 17:04:07,741 - school_tornado - INFO - WEBSOCKETS: {1: [<handlers.handlers.SocketHandler object at 0x7f8d1c0ce128>]}
2017-08-10 17:04:07,748 - school_tornado - INFO - WEBSOCKET CLOSED user:0
2017-08-10 17:04:07,751 - school_tornado - INFO - Notification received
2017-08-10 17:04:08,448 - school_tornado - INFO - Notification: ids: ['1'] - message: deberes mañana
2017-08-10 17:04:08,450 - school_tornado - INFO - WEBSOCKETS: {1: [<handlers.handlers.SocketHandler object at 0x7f8d1c0ce128>]}
2017-08-10 17:04:08,453 - school_tornado - INFO - WEBSOCKET CLOSED user:1
2017-08-10 17:04:10,825 - school_tornado - ERROR - Error on token validation: [Errno 113] No route to host
2017-08-10 17:04:17,029 - school_tornado - ERROR - Error on token validation: [Errno 113] No route to host
2017-08-10 17:09:46,469 - school_tornado - ERROR - Error on token validation: [Errno 113] No route to host
2017-08-10 17:09:55,040 - school_tornado - INFO - Notification received
2017-08-10 17:11:14,310 - school_tornado - INFO - Notification received
2017-08-10 17:11:14,310 - school_tornado - INFO - Notification: ids: ['1'] - message: target_student
2017-08-10 17:11:14,311 - school_tornado - INFO - WEBSOCKETS: {}
2017-08-10 17:11:22,149 - school_tornado - ERROR - Error on token validation: [Errno 113] No route to host
2017-08-10 17:11:26,393 - school_tornado - INFO - Notification received
2017-08-10 17:14:18,629 - school_tornado - ERROR - Error on token validation: [Errno 113] No route to host
2017-08-10 17:14:20,802 - school_tornado - INFO - Notification received
2017-08-10 17:21:12,741 - school_tornado - ERROR - Error on token validation: [Errno 113] No route to host
2017-08-10 17:21:14,467 - school_tornado - INFO - Notification received
2017-08-10 17:23:04,990 - school_tornado - INFO - Notification received
2017-08-10 17:23:04,990 - school_tornado - INFO - Notification: ids: ['1'] - message: target_class
2017-08-10 17:23:04,990 - school_tornado - INFO - WEBSOCKETS: {}
2017-08-10 17:27:10,245 - school_tornado - ERROR - Error on token validation: [Errno 113] No route to host
2017-08-10 17:27:22,803 - school_tornado - INFO - Notification received
2017-08-10 17:28:55,686 - school_tornado - ERROR - Error on token validation: [Errno 113] No route to host
2017-08-10 17:28:59,423 - school_tornado - INFO - Notification received
2017-08-10 17:35:04,999 - school_tornado - ERROR - Error on token validation: [Errno 113] No route to host
2017-08-10 17:35:05,654 - school_tornado - INFO - Notification received
2017-08-10 17:41:26,100 - school_tornado - INFO - Notification received
2017-08-10 17:41:39,539 - school_tornado - ERROR - Error on token validation: [Errno 113] No route to host
2017-08-10 17:42:49,888 - school_tornado - INFO - Notification received
2017-08-10 17:44:04,053 - school_tornado - INFO - Notification received
2017-08-10 17:44:04,053 - school_tornado - INFO - Notification: ids: [1] - message: message
2017-08-10 17:44:04,053 - school_tornado - INFO - WEBSOCKETS: {}
2017-08-10 17:44:04,054 - school_tornado - INFO - Notification received
2017-08-10 17:44:04,055 - school_tornado - INFO - Notification: ids: [1] - message: message
2017-08-10 17:44:04,055 - school_tornado - INFO - WEBSOCKETS: {}
2017-08-10 17:44:11,525 - school_tornado - ERROR - Error on token validation: [Errno 113] No route to host
2017-08-10 17:44:12,122 - school_tornado - INFO - Notification received
2017-08-10 17:44:47,105 - school_tornado - INFO - Notification: ids: [1] - message: message
2017-08-10 17:44:47,891 - school_tornado - INFO - WEBSOCKETS: {}
2017-08-28 16:34:47,372 - school_tornado - INFO - WEBSOCKET OPEN: token=eyJhbGciOiJIUzI1NiIsInR5cCI6IkpXVCJ9.eyJleHAiOjE1MDM5MzQ0ODcsImVtYWlsIjoidGVhbUBjYXRoZWRyYWxzdy5jb20iLCJvcmlnX2lhdCI6MTUwMzkzMDg4NywidXNlcl9pZCI6MSwidXNlcm5hbWUiOiJ0ZWFtQGNhdGhlZHJhbHN3LmNvbSJ9.KJjGOt8lUmPtByxF1S0S0bCbY8VWyNSbheK1iCf-CjM
2017-08-28 16:34:47,454 - school_tornado - ERROR - Error on token validation: [Errno 111] Connection refused
2017-08-28 16:34:57,411 - school_tornado - INFO - WEBSOCKET OPEN: token=eyJhbGciOiJIUzI1NiIsInR5cCI6IkpXVCJ9.eyJleHAiOjE1MDM5MzQ0OTcsImVtYWlsIjoidGVhbUBjYXRoZWRyYWxzdy5jb20iLCJvcmlnX2lhdCI6MTUwMzkzMDg5NywidXNlcl9pZCI6MSwidXNlcm5hbWUiOiJ0ZWFtQGNhdGhlZHJhbHN3LmNvbSJ9.rwIpr_snhsnK3Frz5QxpqDcgizVd4E2em20o0HzHxKY
2017-08-28 16:34:57,419 - school_tornado - ERROR - Error on token validation: [Errno 111] Connection refused
2017-08-28 16:35:07,380 - school_tornado - INFO - WEBSOCKET OPEN: token=eyJhbGciOiJIUzI1NiIsInR5cCI6IkpXVCJ9.eyJleHAiOjE1MDM5MzQ1MDcsImVtYWlsIjoidGVhbUBjYXRoZWRyYWxzdy5jb20iLCJvcmlnX2lhdCI6MTUwMzkzMDkwNywidXNlcl9pZCI6MSwidXNlcm5hbWUiOiJ0ZWFtQGNhdGhlZHJhbHN3LmNvbSJ9.rXD3cUPAITk9yHyCMYxyt6MfkuPPn5aoTSn4yYygfIM
2017-08-28 16:35:07,382 - school_tornado - INFO - WEBSOCKET CLOSED user:0
2017-08-28 16:35:07,387 - school_tornado - ERROR - Error on token validation: [Errno 111] Connection refused
2017-08-28 16:35:07,392 - school_tornado - INFO - WEBSOCKET CLOSED user:0
2017-08-28 16:35:07,392 - school_tornado - INFO - WEBSOCKET CLOSED user:0
2017-08-29 12:05:44,004 - school_tornado - INFO - Chat message received
2017-08-29 12:06:40,865 - school_tornado - INFO - Chat message received
2017-08-29 12:06:56,272 - school_tornado - INFO - Chat message received
2017-08-29 12:07:56,279 - school_tornado - INFO - Chat message received
2017-08-29 12:08:41,965 - school_tornado - INFO - Chat message received
2017-08-29 12:08:56,306 - school_tornado - INFO - Chat message received
2017-08-29 12:09:56,336 - school_tornado - INFO - Chat message received
2017-08-29 12:11:10,400 - school_tornado - INFO - Chat message received
2017-08-29 12:11:56,361 - school_tornado - INFO - Chat message received
2017-08-29 12:12:56,380 - school_tornado - INFO - Chat message received
2017-08-29 12:13:56,396 - school_tornado - INFO - Chat message received
2017-08-29 12:14:56,418 - school_tornado - INFO - Chat message received
2017-08-29 12:15:56,426 - school_tornado - INFO - Chat message received
2017-08-29 12:16:18,704 - school_tornado - INFO - Chat message received
2017-08-29 12:16:25,370 - school_tornado - INFO - Chat message received
2017-08-29 12:16:37,888 - school_tornado - INFO - Chat message received
2017-08-29 12:17:07,661 - school_tornado - INFO - Chat message received
2017-08-29 12:17:58,797 - school_tornado - INFO - Chat message received
2017-08-29 12:18:07,675 - school_tornado - INFO - Chat message received
2017-08-29 12:19:03,104 - school_tornado - INFO - Chat message received
2017-08-29 12:19:07,695 - school_tornado - INFO - Chat message received
2017-08-29 12:20:07,717 - school_tornado - INFO - Chat message received
2017-08-29 12:21:07,733 - school_tornado - INFO - Chat message received
2017-08-29 12:22:47,107 - school_tornado - INFO - Chat message received
2017-08-29 12:23:07,766 - school_tornado - INFO - Chat message received
2017-08-29 12:23:46,084 - school_tornado - INFO - Chat message received
2017-08-29 12:24:07,810 - school_tornado - INFO - Chat message received
2017-08-29 12:26:07,404 - school_tornado - INFO - Chat message received
2017-08-29 12:26:09,648 - school_tornado - INFO - Chat message received
2017-08-29 12:27:09,660 - school_tornado - INFO - Chat message received
2017-08-29 12:27:38,935 - school_tornado - INFO - Chat message received
2017-08-29 12:28:09,673 - school_tornado - INFO - Chat message received
2017-08-29 12:29:09,692 - school_tornado - INFO - Chat message received
2017-08-29 12:29:53,381 - school_tornado - INFO - Chat message received
2017-08-29 12:30:09,704 - school_tornado - INFO - Chat message received
2017-08-29 12:31:09,721 - school_tornado - INFO - Chat message received
2017-08-29 12:31:21,014 - school_tornado - INFO - Chat message received
2017-08-29 15:50:27,477 - school_tornado - INFO - Chat message received
2017-08-29 15:50:57,833 - school_tornado - INFO - Chat message received
2017-08-29 15:51:30,886 - school_tornado - INFO - Chat message None saved in DB
2017-08-29 15:52:35,020 - school_tornado - INFO - Chat message received
2017-08-29 15:53:13,141 - school_tornado - INFO - Chat message None saved in DB
2017-08-29 15:59:05,333 - school_tornado - INFO - Chat message received
2017-08-29 15:59:07,425 - school_tornado - INFO - Chat message ObjectId('59a5732b52c11c4b312823a4') saved in DB
2017-08-29 16:01:22,863 - school_tornado - INFO - Chat message received
2017-08-29 16:01:24,610 - school_tornado - INFO - Chat message ObjectId('59a573b452c11c4cfe094fd2') saved in DB
2017-08-29 16:05:06,074 - school_tornado - INFO - Chat message received
2017-08-29 16:05:07,499 - school_tornado - INFO - Chat message ObjectId('59a5749352c11c4f4e6cd0da') saved in DB
